Flutter crash report.
Please report a bug at https://github.com/flutter/flutter/issues.

## command

flutter gen-l10n

## exception

_Exception: Exception

```
#0      generateLocalizations (package:flutter_tools/src/localizations/gen_l10n.dart:72:5)
#1      GenerateLocalizationsCommand.runCommand (package:flutter_tools/src/commands/generate_localizations.dart:188:7)
#2      FlutterCommand.verifyThenRunCommand (package:flutter_tools/src/runner/flutter_command.dart:1157:18)
<asynchronous suspension>
#3      FlutterCommand.run.<anonymous closure> (package:flutter_tools/src/runner/flutter_command.dart:1009:27)
<asynchronous suspension>
#4      AppContext.run.<anonymous closure> (package:flutter_tools/src/base/context.dart:150:19)
<asynchronous suspension>
#5      AppContext.run (package:flutter_tools/src/base/context.dart:149:12)
<asynchronous suspension>
#6      CommandRunner.runCommand (package:args/command_runner.dart:197:13)
<asynchronous suspension>
#7      FlutterCommandRunner.runCommand.<anonymous closure> (package:flutter_tools/src/runner/flutter_command_runner.dart:278:9)
<asynchronous suspension>
#8      AppContext.run.<anonymous closure> (package:flutter_tools/src/base/context.dart:150:19)
<asynchronous suspension>
#9      AppContext.run (package:flutter_tools/src/base/context.dart:149:12)
<asynchronous suspension>
#10     FlutterCommandRunner.runCommand (package:flutter_tools/src/runner/flutter_command_runner.dart:234:5)
<asynchronous suspension>
#11     run.<anonymous closure>.<anonymous closure> (package:flutter_tools/runner.dart:64:9)
<asynchronous suspension>
#12     run.<anonymous closure> (package:flutter_tools/runner.dart:62:12)
<asynchronous suspension>
#13     AppContext.run.<anonymous closure> (package:flutter_tools/src/base/context.dart:150:19)
<asynchronous suspension>
#14     AppContext.run (package:flutter_tools/src/base/context.dart:149:12)
<asynchronous suspension>
#15     runInContext (package:flutter_tools/src/context_runner.dart:73:10)
<asynchronous suspension>
#16     main (package:flutter_tools/executable.dart:90:3)
<asynchronous suspension>
```

## flutter doctor

```
[✓] Flutter (Channel beta, 2.0.1, on macOS 11.2.3 20D91 darwin-x64, locale en-EG)
    • Flutter version 2.0.1 at /Users/dawood/Desktop/flutter
    • Framework revision c5a4b4029c (4 weeks ago), 2021-03-04 09:47:48 -0800
    • Engine revision 40441def69
    • Dart version 2.12.0

[✓] Android toolchain - develop for Android devices (Android SDK version 30.0.2)
    • Android SDK at /Users/dawood/Library/Android/sdk
    • Platform android-30, build-tools 30.0.2
    • ANDROID_HOME =
      /usr/local/bin:/usr/bin:/bin:/usr/sbin:/sbin:/usr/local/share/dotnet:~/.dotnet/tools:/Library/Apple/usr/bin:/Library/Frameworks/Mon
      o.framework/Versions/Current/Commands:/Users/dawood/Desktop/flutter/bin:/Users/dawood/Desktop/fuchsia/.jiri_root/bin:/Users/dawood/
      Library/Android/sdk/tools:/Users/dawood/Library/Android/sdk/platform-tools:/Users/dawood/Desktop/flutter/.pub-cache/bin:/Users/dawo
      od/Desktop/flutter/bin:/Users/dawood/Desktop/fuchsia/.jiri_root/bin:/Users/dawood/Library/Android/sdk
    • Java binary at: /Applications/Android Studio.app/Contents/jre/jdk/Contents/Home/bin/java
    • Java version OpenJDK Runtime Environment (build 1.8.0_242-release-1644-b3-6222593)
    • All Android licenses accepted.

[✓] Xcode - develop for iOS and macOS
    • Xcode at /Applications/Xcode.app/Contents/Developer
    • Xcode 12.4, Build version 12D4e
    • CocoaPods version 1.10.1

[✓] Chrome - develop for the web
    • Chrome at /Applications/Google Chrome.app/Contents/MacOS/Google Chrome

[✓] Android Studio (version 4.0)
    • Android Studio at /Applications/Android Studio.app/Contents
    • Flutter plugin version 51.0.1
    • Dart plugin version 193.7547
    • Java version OpenJDK Runtime Environment (build 1.8.0_242-release-1644-b3-6222593)

[✓] VS Code (version 1.54.3)
    • VS Code at /Applications/Visual Studio Code.app/Contents
    • Flutter extension version 3.20.0

[✓] Connected device (3 available)
    • iPhone SE (2nd generation) (mobile) • F327A83A-A5B8-45C8-B745-BB158169FC1B • ios            •
      com.apple.CoreSimulator.SimRuntime.iOS-14-4 (simulator)
    • macOS (desktop)                     • macos                                • darwin-x64     • macOS 11.2.3 20D91 darwin-x64
    • Chrome (web)                        • chrome                               • web-javascript • Google Chrome 89.0.4389.90

• No issues found!
```
